0 info it worked if it ends with ok
1 verbose cli [ '/usr/local/bin/node',
1 verbose cli   '/usr/local/bin/npm',
1 verbose cli   'run',
1 verbose cli   'dev-server' ]
2 info using npm@4.0.5
3 info using node@v7.2.0
4 verbose run-script [ 'predev-server', 'dev-server', 'postdev-server' ]
5 info lifecycle student-management@0.0.1~predev-server: student-management@0.0.1
6 silly lifecycle student-management@0.0.1~predev-server: no script for predev-server, continuing
7 info lifecycle student-management@0.0.1~dev-server: student-management@0.0.1
8 verbose lifecycle student-management@0.0.1~dev-server: unsafe-perm in lifecycle true
9 verbose lifecycle student-management@0.0.1~dev-server: PATH: /usr/local/lib/node_modules/npm/bin/node-gyp-bin:/Volumes/Data/Workspace/student_management/node_modules/.bin:/usr/local/bin:/usr/bin:/bin:/usr/sbin:/sbin
10 verbose lifecycle student-management@0.0.1~dev-server: CWD: /Volumes/Data/Workspace/student_management
11 silly lifecycle student-management@0.0.1~dev-server: Args: [ '-c',
11 silly lifecycle   'babel-node --presets babel-preset-es2015 ./src/server/app.js' ]
12 silly lifecycle student-management@0.0.1~dev-server: Returned: code: 1  signal: null
13 info lifecycle student-management@0.0.1~dev-server: Failed to exec dev-server script
14 verbose stack Error: student-management@0.0.1 dev-server: `babel-node --presets babel-preset-es2015 ./src/server/app.js`
14 verbose stack Exit status 1
14 verbose stack     at EventEmitter.<anonymous> (/usr/local/lib/node_modules/npm/lib/utils/lifecycle.js:279:16)
14 verbose stack     at emitTwo (events.js:106:13)
14 verbose stack     at EventEmitter.emit (events.js:191:7)
14 verbose stack     at ChildProcess.<anonymous> (/usr/local/lib/node_modules/npm/lib/utils/spawn.js:40:14)
14 verbose stack     at emitTwo (events.js:106:13)
14 verbose stack     at ChildProcess.emit (events.js:191:7)
14 verbose stack     at maybeClose (internal/child_process.js:885:16)
14 verbose stack     at Process.ChildProcess._handle.onexit (internal/child_process.js:226:5)
15 verbose pkgid student-management@0.0.1
16 verbose cwd /Volumes/Data/Workspace/student_management
17 error Darwin 16.5.0
18 error argv "/usr/local/bin/node" "/usr/local/bin/npm" "run" "dev-server"
19 error node v7.2.0
20 error npm  v4.0.5
21 error code ELIFECYCLE
22 error student-management@0.0.1 dev-server: `babel-node --presets babel-preset-es2015 ./src/server/app.js`
22 error Exit status 1
23 error Failed at the student-management@0.0.1 dev-server script 'babel-node --presets babel-preset-es2015 ./src/server/app.js'.
23 error Make sure you have the latest version of node.js and npm installed.
23 error If you do, this is most likely a problem with the student-management package,
23 error not with npm itself.
23 error Tell the author that this fails on your system:
23 error     babel-node --presets babel-preset-es2015 ./src/server/app.js
23 error You can get information on how to open an issue for this project with:
23 error     npm bugs student-management
23 error Or if that isn't available, you can get their info via:
23 error     npm owner ls student-management
23 error There is likely additional logging output above.
24 verbose exit [ 1, true ]
